<?xml version="1.0" encoding="UTF-8"?>
<testsuites>
  <testsuite name="fastlane.lanes">
    
    
    
      
      <testcase classname="fastlane.lanes" name="0: default_platform" time="0.0051292">
        
      </testcase>
    
      
      <testcase classname="fastlane.lanes" name="1: assembleDebug" time="162.8410466">
        
          <failure message="C:/Users/User/Ruby32-x64/lib/ruby/gems/3.2.0/gems/fastlane-2.217.0/fastlane/lib/fastlane/actions/actions_helper.rb:67:in `execute_action&apos;&#10;C:/Users/User/Ruby32-x64/lib/ruby/gems/3.2.0/gems/fastlane-2.217.0/fastlane/lib/fastlane/runner.rb:255:in `block in execute_action&apos;&#10;C:/Users/User/Ruby32-x64/lib/ruby/gems/3.2.0/gems/fastlane-2.217.0/fastlane/lib/fastlane/runner.rb:229:in `chdir&apos;&#10;C:/Users/User/Ruby32-x64/lib/ruby/gems/3.2.0/gems/fastlane-2.217.0/fastlane/lib/fastlane/runner.rb:229:in `execute_action&apos;&#10;C:/Users/User/Ruby32-x64/lib/ruby/gems/3.2.0/gems/fastlane-2.217.0/fastlane/lib/fastlane/runner.rb:157:in `trigger_action_by_name&apos;&#10;C:/Users/User/Ruby32-x64/lib/ruby/gems/3.2.0/gems/fastlane-2.217.0/fastlane/lib/fastlane/fast_file.rb:159:in `method_missing&apos;&#10;Fastfile:21:in `block (2 levels) in parsing_binding&apos;&#10;C:/Users/User/Ruby32-x64/lib/ruby/gems/3.2.0/gems/fastlane-2.217.0/fastlane/lib/fastlane/lane.rb:41:in `call&apos;&#10;C:/Users/User/Ruby32-x64/lib/ruby/gems/3.2.0/gems/fastlane-2.217.0/fastlane/lib/fastlane/runner.rb:49:in `block in execute&apos;&#10;C:/Users/User/Ruby32-x64/lib/ruby/gems/3.2.0/gems/fastlane-2.217.0/fastlane/lib/fastlane/runner.rb:45:in `chdir&apos;&#10;C:/Users/User/Ruby32-x64/lib/ruby/gems/3.2.0/gems/fastlane-2.217.0/fastlane/lib/fastlane/runner.rb:45:in `execute&apos;&#10;C:/Users/User/Ruby32-x64/lib/ruby/gems/3.2.0/gems/fastlane-2.217.0/fastlane/lib/fastlane/lane_manager.rb:47:in `cruise_lane&apos;&#10;C:/Users/User/Ruby32-x64/lib/ruby/gems/3.2.0/gems/fastlane-2.217.0/fastlane/lib/fastlane/command_line_handler.rb:36:in `handle&apos;&#10;C:/Users/User/Ruby32-x64/lib/ruby/gems/3.2.0/gems/fastlane-2.217.0/fastlane/lib/fastlane/commands_generator.rb:110:in `block (2 levels) in run&apos;&#10;C:/Users/User/Ruby32-x64/lib/ruby/gems/3.2.0/gems/commander-4.6.0/lib/commander/command.rb:187:in `call&apos;&#10;C:/Users/User/Ruby32-x64/lib/ruby/gems/3.2.0/gems/commander-4.6.0/lib/commander/command.rb:157:in `run&apos;&#10;C:/Users/User/Ruby32-x64/lib/ruby/gems/3.2.0/gems/commander-4.6.0/lib/commander/runner.rb:444:in `run_active_command&apos;&#10;C:/Users/User/Ruby32-x64/lib/ruby/gems/3.2.0/gems/fastlane-2.217.0/fastlane_core/lib/fastlane_core/ui/fastlane_runner.rb:124:in `run!&apos;&#10;C:/Users/User/Ruby32-x64/lib/ruby/gems/3.2.0/gems/commander-4.6.0/lib/commander/delegates.rb:18:in `run!&apos;&#10;C:/Users/User/Ruby32-x64/lib/ruby/gems/3.2.0/gems/fastlane-2.217.0/fastlane/lib/fastlane/commands_generator.rb:354:in `run&apos;&#10;C:/Users/User/Ruby32-x64/lib/ruby/gems/3.2.0/gems/fastlane-2.217.0/fastlane/lib/fastlane/commands_generator.rb:43:in `start&apos;&#10;C:/Users/User/Ruby32-x64/lib/ruby/gems/3.2.0/gems/fastlane-2.217.0/fastlane/lib/fastlane/cli_tools_distributor.rb:123:in `take_off&apos;&#10;C:/Users/User/Ruby32-x64/lib/ruby/gems/3.2.0/gems/fastlane-2.217.0/bin/fastlane:23:in `&lt;top (required)&gt;&apos;&#10;C:/Users/User/Ruby32-x64/bin/fastlane:32:in `load&apos;&#10;C:/Users/User/Ruby32-x64/bin/fastlane:32:in `&lt;main&gt;&apos;&#10;&#10;Exit status of command &apos;C:/Users/User/Documents/StudioProjects/DiabetesManager/gradlew assembleDebug -p .&apos; was 1 instead of 0.&#10;Starting a Gradle Daemon, 1 busy Daemon could not be reused, use --status for details&#10;&gt; Task :app:preBuild UP-TO-DATE&#10;&gt; Task :app:preDebugBuild UP-TO-DATE&#10;&gt; Task :app:mergeDebugNativeDebugMetadata NO-SOURCE&#10;&gt; Task :common:preBuild UP-TO-DATE&#10;&gt; Task :common:preDebugBuild UP-TO-DATE&#10;&gt; Task :common:generateDebugResValues UP-TO-DATE&#10;&gt; Task :common:generateDebugResources UP-TO-DATE&#10;&gt; Task :common:packageDebugResources UP-TO-DATE&#10;&gt; Task :common:parseDebugLocalResources UP-TO-DATE&#10;&gt; Task :common:processDebugManifest UP-TO-DATE&#10;&gt; Task :common:generateDebugRFile UP-TO-DATE&#10;&gt; Task :common:compileDebugKotlin NO-SOURCE&#10;&gt; Task :common:javaPreCompileDebug UP-TO-DATE&#10;&gt; Task :common:compileDebugJavaWithJavac NO-SOURCE&#10;&gt; Task :common:bundleLibCompileToJarDebug UP-TO-DATE&#10;&gt; Task :data:preBuild UP-TO-DATE&#10;&gt; Task :data:preDebugBuild UP-TO-DATE&#10;&gt; Task :data:generateDebugResValues UP-TO-DATE&#10;&gt; Task :data:generateDebugResources UP-TO-DATE&#10;&gt; Task :data:packageDebugResources UP-TO-DATE&#10;&gt; Task :data:parseDebugLocalResources UP-TO-DATE&#10;&gt; Task :data:processDebugManifest UP-TO-DATE&#10;&gt; Task :data:generateDebugRFile UP-TO-DATE&#10;&gt; Task :di:preBuild UP-TO-DATE&#10;&gt; Task :di:preDebugBuild UP-TO-DATE&#10;&gt; Task :di:generateDebugResValues UP-TO-DATE&#10;&gt; Task :di:generateDebugResources UP-TO-DATE&#10;&gt; Task :di:packageDebugResources UP-TO-DATE&#10;&gt; Task :di:parseDebugLocalResources UP-TO-DATE&#10;&gt; Task :di:processDebugManifest UP-TO-DATE&#10;&gt; Task :di:generateDebugRFile UP-TO-DATE&#10;&gt; Task :common:bundleLibRuntimeToJarDebug UP-TO-DATE&#10;&gt; Task :domain:preBuild UP-TO-DATE&#10;&gt; Task :domain:preDebugBuild UP-TO-DATE&#10;&gt; Task :domain:generateDebugResValues UP-TO-DATE&#10;&gt; Task :domain:generateDebugResources UP-TO-DATE&#10;&gt; Task :domain:packageDebugResources UP-TO-DATE&#10;&gt; Task :domain:parseDebugLocalResources UP-TO-DATE&#10;&gt; Task :domain:processDebugManifest UP-TO-DATE&#10;&gt; Task :domain:generateDebugRFile UP-TO-DATE&#10;&gt; Task :domain:compileDebugKotlin NO-SOURCE&#10;&gt; Task :domain:javaPreCompileDebug UP-TO-DATE&#10;&gt; Task :domain:compileDebugJavaWithJavac NO-SOURCE&#10;&gt; Task :domain:bundleLibCompileToJarDebug UP-TO-DATE&#10;&gt; Task :data:kspDebugKotlin NO-SOURCE&#10;&gt; Task :data:compileDebugKotlin NO-SOURCE&#10;&gt; Task :data:javaPreCompileDebug UP-TO-DATE&#10;&gt; Task :data:compileDebugJavaWithJavac NO-SOURCE&#10;&gt; Task :domain:bundleLibRuntimeToJarDebug UP-TO-DATE&#10;&gt; Task :data:transformDebugClassesWithAsm UP-TO-DATE&#10;&gt; Task :data:bundleLibCompileToJarDebug UP-TO-DATE&#10;&gt; Task :data:bundleLibRuntimeToJarDebug UP-TO-DATE&#10;&gt; Task :di:kspDebugKotlin NO-SOURCE&#10;&gt; Task :di:compileDebugKotlin NO-SOURCE&#10;&gt; Task :di:javaPreCompileDebug UP-TO-DATE&#10;&gt; Task :di:compileDebugJavaWithJavac NO-SOURCE&#10;&gt; Task :di:transformDebugClassesWithAsm UP-TO-DATE&#10;&gt; Task :di:bundleLibCompileToJarDebug UP-TO-DATE&#10;&gt; Task :presentation:preBuild UP-TO-DATE&#10;&gt; Task :presentation:preDebugBuild UP-TO-DATE&#10;&gt; Task :presentation:dataBindingMergeDependencyArtifactsDebug UP-TO-DATE&#10;&gt; Task :presentation:generateDebugResValues UP-TO-DATE&#10;&gt; Task :presentation:generateDebugResources UP-TO-DATE&#10;&gt; Task :presentation:packageDebugResources UP-TO-DATE&#10;&gt; Task :presentation:parseDebugLocalResources UP-TO-DATE&#10;&gt; Task :presentation:dataBindingGenBaseClassesDebug UP-TO-DATE&#10;&gt; Task :presentation:dataBindingTriggerDebug UP-TO-DATE&#10;&gt; Task :presentation:processDebugManifest UP-TO-DATE&#10;&gt; Task :presentation:generateDebugRFile UP-TO-DATE&#10;&gt; Task :presentation:generateSafeArgsDebug UP-TO-DATE&#10;&gt; Task :presentation:kspDebugKotlin UP-TO-DATE&#10;&gt; Task :presentation:compileDebugKotlin FAILED&#10;&#10;FAILURE: Build failed with an exception.&#10;&#10;* What went wrong:&#10;Execution failed for task &apos;:presentation:compileDebugKotlin&apos;.&#10;&gt; Unable to delete directory &apos;C:\Users\User\Documents\StudioProjects\DiabetesManager\presentation\build\kotlin\compileDebugKotlin\cacheable&apos;&#10;    Failed to delete some children. This might happen because a process has files open or has its working directory set in the target directory.&#10;    - C:\Users\User\Documents\StudioProjects\DiabetesManager\presentation\build\kotlin\compileDebugKotlin\cacheable\caches-jvm\jvm\kotlin&#10;    - C:\Users\User\Documents\StudioProjects\DiabetesManager\presentation\build\kotlin\compileDebugKotlin\cacheable\caches-jvm\jvm&#10;    - C:\Users\User\Documents\StudioProjects\DiabetesManager\presentation\build\kotlin\compileDebugKotlin\cacheable\caches-jvm&#10;    New files were found. This might happen because a process is still writing to the target directory.&#10;    - C:\Users\User\Documents\StudioProjects\DiabetesManager\presentation\build\kotlin\compileDebugKotlin\cacheable\caches-jvm\jvm\kotlin\supertypes.tab_i.len&#10;    - C:\Users\User\Documents\StudioProjects\DiabetesManager\presentation\build\kotlin\compileDebugKotlin\cacheable\caches-jvm\jvm\kotlin\supertypes.tab.values.at&#10;    - C:\Users\User\Documents\StudioProjects\DiabetesManager\presentation\build\kotlin\compileDebugKotlin\cacheable\caches-jvm\jvm\kotlin\supertypes.tab.len&#10;    - C:\Users\User\Documents\StudioProjects\DiabetesManager\presentation\build\kotlin\compileDebugKotlin\cacheable\caches-jvm\jvm\kotlin\supertypes.tab.keystream.len&#10;    - C:\Users\User\Documents\StudioProjects\DiabetesManager\presentation\build\kotlin\compileDebugKotlin\cacheable\caches-jvm\jvm\kotlin\supertypes.tab.keystream&#10;    - C:\Users\User\Documents\StudioProjects\DiabetesManager\presentation\build\kotlin\compileDebugKotlin\cacheable\caches-jvm\jvm\kotlin\subtypes.tab_i.len&#10;    - C:\Users\User\Documents\StudioProjects\DiabetesManager\presentation\build\kotlin\compileDebugKotlin\cacheable\caches-jvm\jvm\kotlin\subtypes.tab_i&#10;    - C:\Users\User\Documents\StudioProjects\DiabetesManager\presentation\build\kotlin\compileDebugKotlin\cacheable\caches-jvm\jvm\kotlin\subtypes.tab.values.at&#10;    - C:\Users\User\Documents\StudioProjects\DiabetesManager\presentation\build\kotlin\compileDebugKotlin\cacheable\caches-jvm\jvm\kotlin\subtypes.tab.len&#10;    - C:\Users\User\Documents\StudioProjects\DiabetesManager\presentation\build\kotlin\compileDebugKotlin\cacheable\caches-jvm\jvm\kotlin\subtypes.tab.keystream.len&#10;    - C:\Users\User\Documents\StudioProjects\DiabetesManager\presentation\build\kotlin\compileDebugKotlin\cacheable\caches-jvm\jvm\kotlin\subtypes.tab.keystream&#10;    - C:\Users\User\Documents\StudioProjects\DiabetesManager\presentation\build\kotlin\compileDebugKotlin\cacheable\caches-jvm\jvm\kotlin\source-to-classes.tab_i.len&#10;    - C:\Users\User\Documents\StudioProjects\DiabetesManager\presentation\build\kotlin\compileDebugKotlin\cacheable\caches-jvm\jvm\kotlin\source-to-classes.tab_i&#10;    - C:\Users\User\Documents\StudioProjects\DiabetesManager\presentation\build\kotlin\compileDebugKotlin\cacheable\caches-jvm\jvm\kotlin\source-to-classes.tab.values.at&#10;    - C:\Users\User\Documents\StudioProjects\DiabetesManager\presentation\build\kotlin\compileDebugKotlin\cacheable\caches-jvm\jvm\kotlin\source-to-classes.tab.len&#10;    - C:\Users\User\Documents\StudioProjects\DiabetesManager\presentation\build\kotlin\compileDebugKotlin\cacheable\caches-jvm\jvm\kotlin\source-to-classes.tab.keystream.len&#10;    - and more ...&#10;&#10;* Try:&#10;&gt; Run with --stacktrace option to get the stack trace.&#10;&gt; Run with --info or --debug option to get more log output.&#10;&gt; Run with --scan to get full insights.&#10;&gt; Get more help at https://help.gradle.org.&#10;&#10;BUILD FAILED in 2m 40s&#10;44 actionable tasks: 1 executed, 43 up-to-date&#10;" />
        
      </testcase>
    
  </testsuite>
</testsuites>
